2025-04-04 08:58:54.252009 - Received CBT.V508.FILE390.PDS from FILE390.XMI 
2025-04-04 08:58:54.255825 - Found $$$$$$$$.txt (text/plain) in CBT.V508.FILE390.PDS, moved to PDS/$$$$$$$$
2025-04-04 08:58:54.255983 - Found $$$#DATE.txt (text/plain) in CBT.V508.FILE390.PDS, moved to PDS/$$$#DATE
2025-04-04 08:58:54.256124 - Found $$$ISPF.txt (text/plain) in CBT.V508.FILE390.PDS, moved to PDS/$$$ISPF
2025-04-04 08:58:54.256257 - Found $$JCL.jcl (text/plain) in CBT.V508.FILE390.PDS, moved to PDS/$$JCL
2025-04-04 08:58:54.256382 - Found $$JCLA.jcl (text/plain) in CBT.V508.FILE390.PDS, moved to PDS/$$JCLA
2025-04-04 08:58:54.256504 - Found $$JCLB.jcl (text/plain) in CBT.V508.FILE390.PDS, moved to PDS/$$JCLB
2025-04-04 08:58:54.256628 - Found $$JCLZ12.jcl (text/plain) in CBT.V508.FILE390.PDS, moved to PDS/$$JCLZ12
2025-04-04 08:58:54.256752 - Found $$JCL130.jcl (text/plain) in CBT.V508.FILE390.PDS, moved to PDS/$$JCL130
2025-04-04 08:58:54.256874 - Found $$JCL210.jcl (text/plain) in CBT.V508.FILE390.PDS, moved to PDS/$$JCL210
2025-04-04 08:58:54.257003 - Found $$JCL240.jcl (text/plain) in CBT.V508.FILE390.PDS, moved to PDS/$$JCL240
2025-04-04 08:58:54.257126 - Found $$JCL250.jcl (text/plain) in CBT.V508.FILE390.PDS, moved to PDS/$$JCL250
2025-04-04 08:58:54.257243 - Found $$JCL270.jcl (text/plain) in CBT.V508.FILE390.PDS, moved to PDS/$$JCL270
2025-04-04 08:58:54.257364 - Found $$JCL280.jcl (text/plain) in CBT.V508.FILE390.PDS, moved to PDS/$$JCL280
2025-04-04 08:58:54.257669 - Found $$JCL520.jcl (text/plain) in CBT.V508.FILE390.PDS, moved to PDS/$$JCL520
2025-04-04 08:58:54.257805 - Found $CKPTLST.jcl (text/plain) in CBT.V508.FILE390.PDS, moved to PDS/$CKPTLST
2025-04-04 08:58:54.257927 - Found $CLDOC.txt (text/plain) in CBT.V508.FILE390.PDS, moved to PDS/$CLDOC
2025-04-04 08:58:54.258045 - Found $CLJCL.jcl (text/plain) in CBT.V508.FILE390.PDS, moved to PDS/$CLJCL
2025-04-04 08:58:54.258165 - Found $HELP.txt (text/plain) in CBT.V508.FILE390.PDS, moved to PDS/$HELP
2025-04-04 08:58:54.258323 - Found $INST220.txt (text/plain) in CBT.V508.FILE390.PDS, moved to PDS/$INST220
2025-04-04 08:58:54.258445 - Found $JCL220.jcl (text/plain) in CBT.V508.FILE390.PDS, moved to PDS/$JCL220
2025-04-04 08:58:54.258575 - Found $JQT.txt (text/plain) in CBT.V508.FILE390.PDS, moved to PDS/$JQT
2025-04-04 08:58:54.258700 - Found $JQTO.txt (text/plain) in CBT.V508.FILE390.PDS, moved to PDS/$JQTO
2025-04-04 08:58:54.258837 - Found $LOG.txt (text/plain) in CBT.V508.FILE390.PDS, moved to PDS/$LOG
2025-04-04 08:58:54.258961 - Found $NCCSJCL.jcl (text/plain) in CBT.V508.FILE390.PDS, moved to PDS/$NCCSJCL
2025-04-04 08:58:54.259087 - Found $NCCSJC1.jcl (text/plain) in CBT.V508.FILE390.PDS, moved to PDS/$NCCSJC1
2025-04-04 08:58:54.259205 - Found $ONLDOC.txt (text/plain) in CBT.V508.FILE390.PDS, moved to PDS/$ONLDOC
2025-04-04 08:58:54.259322 - Found $RNBDOC.txt (text/plain) in CBT.V508.FILE390.PDS, moved to PDS/$RNBDOC
2025-04-04 08:58:54.259451 - Found $SBGDOC.txt (text/plain) in CBT.V508.FILE390.PDS, moved to PDS/$SBGDOC
2025-04-04 08:58:54.259574 - Found $TRKCALC.jcl (text/plain) in CBT.V508.FILE390.PDS, moved to PDS/$TRKCALC
2025-04-04 08:58:54.259722 - Found $UFDOC.txt (text/plain) in CBT.V508.FILE390.PDS, moved to PDS/$UFDOC
2025-04-04 08:58:54.259842 - Found $WGHDOC.txt (text/plain) in CBT.V508.FILE390.PDS, moved to PDS/$WGHDOC
2025-04-04 08:58:54.259970 - Found $XMIT.jcl (text/plain) in CBT.V508.FILE390.PDS, moved to PDS/$XMIT
2025-04-04 08:58:54.260088 - Found @COMPLIB.jcl (text/plain) in CBT.V508.FILE390.PDS, moved to PDS/@COMPLIB
2025-04-04 08:58:54.260206 - Found @FILE390.txt (text/plain) in CBT.V508.FILE390.PDS, moved to PDS/@FILE390
2025-04-04 08:58:54.260336 - Found ACTIVE.txt (text/plain) in CBT.V508.FILE390.PDS, moved to PDS/ACTIVE
2025-04-04 08:58:54.260449 - Found ACTIVEO.txt (text/plain) in CBT.V508.FILE390.PDS, moved to PDS/ACTIVEO
2025-04-04 08:58:54.260574 - Found ALLOCATE.txt (text/plain) in CBT.V508.FILE390.PDS, moved to PDS/ALLOCATE
2025-04-04 08:58:54.260693 - Found ALLOCATO.txt (text/plain) in CBT.V508.FILE390.PDS, moved to PDS/ALLOCATO
2025-04-04 08:58:54.260823 - Found AUTH.txt (text/plain) in CBT.V508.FILE390.PDS, moved to PDS/AUTH
2025-04-04 08:58:54.260939 - Found CDAS.txt (text/plain) in CBT.V508.FILE390.PDS, moved to PDS/CDAS
2025-04-04 08:58:54.261060 - Found CDIE.txt (text/plain) in CBT.V508.FILE390.PDS, moved to PDS/CDIE
2025-04-04 08:58:54.261181 - Found CHCT.txt (text/plain) in CBT.V508.FILE390.PDS, moved to PDS/CHCT
2025-04-04 08:58:54.261301 - Found CHCTO.txt (text/plain) in CBT.V508.FILE390.PDS, moved to PDS/CHCTO
2025-04-04 08:58:54.261414 - Found CIOT.txt (text/plain) in CBT.V508.FILE390.PDS, moved to PDS/CIOT
2025-04-04 08:58:54.261530 - Found CJCT.txt (text/plain) in CBT.V508.FILE390.PDS, moved to PDS/CJCT
2025-04-04 08:58:54.261653 - Found CJHIST.txt (text/plain) in CBT.V508.FILE390.PDS, moved to PDS/CJHIST
2025-04-04 08:58:54.261773 - Found CJHIST0.txt (text/plain) in CBT.V508.FILE390.PDS, moved to PDS/CJHIST0
2025-04-04 08:58:54.261892 - Found CJOE.txt (text/plain) in CBT.V508.FILE390.PDS, moved to PDS/CJOE
2025-04-04 08:58:54.262011 - Found CJQE.txt (text/plain) in CBT.V508.FILE390.PDS, moved to PDS/CJQE
2025-04-04 08:58:54.262130 - Found CKPT.txt (text/plain) in CBT.V508.FILE390.PDS, moved to PDS/CKPT
2025-04-04 08:58:54.262243 - Found CKPTBSAM.txt (text/plain) in CBT.V508.FILE390.PDS, moved to PDS/CKPTBSAM
2025-04-04 08:58:54.262367 - Found CPDDB.txt (text/plain) in CBT.V508.FILE390.PDS, moved to PDS/CPDDB
2025-04-04 08:58:54.262480 - Found CPFK.txt (text/plain) in CBT.V508.FILE390.PDS, moved to PDS/CPFK
2025-04-04 08:58:54.262620 - Found CQUIET.txt (text/plain) in CBT.V508.FILE390.PDS, moved to PDS/CQUIET
2025-04-04 08:58:54.262750 - Found CSPIN.txt (text/plain) in CBT.V508.FILE390.PDS, moved to PDS/CSPIN
2025-04-04 08:58:54.262863 - Found CSPINO.txt (text/plain) in CBT.V508.FILE390.PDS, moved to PDS/CSPINO
2025-04-04 08:58:54.262973 - Found CTGPS.txt (text/plain) in CBT.V508.FILE390.PDS, moved to PDS/CTGPS
2025-04-04 08:58:54.263086 - Found CTSO.txt (text/plain) in CBT.V508.FILE390.PDS, moved to PDS/CTSO
2025-04-04 08:58:54.263218 - Found DDNAME.txt (text/plain) in CBT.V508.FILE390.PDS, moved to PDS/DDNAME
2025-04-04 08:58:54.263328 - Found DDNAMEO.txt (text/plain) in CBT.V508.FILE390.PDS, moved to PDS/DDNAMEO
2025-04-04 08:58:54.263443 - Found DDNAMEX.txt (text/plain) in CBT.V508.FILE390.PDS, moved to PDS/DDNAMEX
2025-04-04 08:58:54.263557 - Found DISPLAY.txt (text/plain) in CBT.V508.FILE390.PDS, moved to PDS/DISPLAY
2025-04-04 08:58:54.263684 - Found DISPLAYO.txt (text/plain) in CBT.V508.FILE390.PDS, moved to PDS/DISPLAYO
2025-04-04 08:58:54.263796 - Found FINDJOB.txt (text/plain) in CBT.V508.FILE390.PDS, moved to PDS/FINDJOB
2025-04-04 08:58:54.263908 - Found FINDJOBO.txt (text/plain) in CBT.V508.FILE390.PDS, moved to PDS/FINDJOBO
2025-04-04 08:58:54.264030 - Found FINDPDDB.txt (text/plain) in CBT.V508.FILE390.PDS, moved to PDS/FINDPDDB
2025-04-04 08:58:54.264147 - Found FORMAT.txt (text/plain) in CBT.V508.FILE390.PDS, moved to PDS/FORMAT
2025-04-04 08:58:54.264256 - Found FORMATO.txt (text/plain) in CBT.V508.FILE390.PDS, moved to PDS/FORMATO
2025-04-04 08:58:54.264367 - Found HELP.txt (text/plain) in CBT.V508.FILE390.PDS, moved to PDS/HELP
2025-04-04 08:58:54.264478 - Found HELPO.txt (text/plain) in CBT.V508.FILE390.PDS, moved to PDS/HELPO
2025-04-04 08:58:54.264588 - Found HEXBLK.txt (text/plain) in CBT.V508.FILE390.PDS, moved to PDS/HEXBLK
2025-04-04 08:58:54.264697 - Found HEXDUMP.txt (text/plain) in CBT.V508.FILE390.PDS, moved to PDS/HEXDUMP
2025-04-04 08:58:54.264829 - Found INIT.txt (text/plain) in CBT.V508.FILE390.PDS, moved to PDS/INIT
2025-04-04 08:58:54.264958 - Found INITO.txt (text/plain) in CBT.V508.FILE390.PDS, moved to PDS/INITO
2025-04-04 08:58:54.265071 - Found INITS.txt (text/plain) in CBT.V508.FILE390.PDS, moved to PDS/INITS
2025-04-04 08:58:54.265187 - Found INITX.txt (text/plain) in CBT.V508.FILE390.PDS, moved to PDS/INITX
2025-04-04 08:58:54.265305 - Found JCL.txt (text/plain) in CBT.V508.FILE390.PDS, moved to PDS/JCL
2025-04-04 08:58:54.265434 - Found JLOG.txt (text/plain) in CBT.V508.FILE390.PDS, moved to PDS/JLOG
2025-04-04 08:58:54.265546 - Found JMSG.txt (text/plain) in CBT.V508.FILE390.PDS, moved to PDS/JMSG
2025-04-04 08:58:54.265652 - Found LIST.txt (text/plain) in CBT.V508.FILE390.PDS, moved to PDS/LIST
2025-04-04 08:58:54.265767 - Found LISTDS.txt (text/plain) in CBT.V508.FILE390.PDS, moved to PDS/LISTDS
2025-04-04 08:58:54.265904 - Found NULLDSID.txt (text/plain) in CBT.V508.FILE390.PDS, moved to PDS/NULLDSID
2025-04-04 08:58:54.266041 - Found PARSE.txt (text/plain) in CBT.V508.FILE390.PDS, moved to PDS/PARSE
2025-04-04 08:58:54.266152 - Found PRINT.txt (text/plain) in CBT.V508.FILE390.PDS, moved to PDS/PRINT
2025-04-04 08:58:54.266268 - Found QAUTHCK.txt (text/plain) in CBT.V508.FILE390.PDS, moved to PDS/QAUTHCK
2025-04-04 08:58:54.266380 - Found QCOMMON.txt (text/plain) in CBT.V508.FILE390.PDS, moved to PDS/QCOMMON
2025-04-04 08:58:54.266490 - Found QCXX0001.txt (text/plain) in CBT.V508.FILE390.PDS, moved to PDS/QCXX0001
2025-04-04 08:58:54.266605 - Found QPRBGEN.txt (text/plain) in CBT.V508.FILE390.PDS, moved to PDS/QPRBGEN
2025-04-04 08:58:54.266721 - Found QSCE.txt (text/plain) in CBT.V508.FILE390.PDS, moved to PDS/QSCE
2025-04-04 08:58:54.266835 - Found QSTART.txt (text/plain) in CBT.V508.FILE390.PDS, moved to PDS/QSTART
2025-04-04 08:58:54.266953 - Found QSTOP.txt (text/plain) in CBT.V508.FILE390.PDS, moved to PDS/QSTOP
2025-04-04 08:58:54.267082 - Found QTILT.txt (text/plain) in CBT.V508.FILE390.PDS, moved to PDS/QTILT
2025-04-04 08:58:54.267219 - Found QUECMDS.bin (application/octet-stream) in CBT.V508.FILE390.PDS, moved to PDS/QUECMDS
2025-04-04 08:58:54.267333 - Found QUEUE.txt (text/plain) in CBT.V508.FILE390.PDS, moved to PDS/QUEUE
2025-04-04 08:58:54.267449 - Found QUEUEM2.txt (text/plain) in CBT.V508.FILE390.PDS, moved to PDS/QUEUEM2
2025-04-04 08:58:54.267563 - Found QUEUEM3.txt (text/plain) in CBT.V508.FILE390.PDS, moved to PDS/QUEUEM3
2025-04-04 08:58:54.267694 - Found QUEUEM4.txt (text/plain) in CBT.V508.FILE390.PDS, moved to PDS/QUEUEM4
2025-04-04 08:58:54.267811 - Found QUEUEM5.txt (text/plain) in CBT.V508.FILE390.PDS, moved to PDS/QUEUEM5
2025-04-04 08:58:54.267926 - Found Q0.txt (text/plain) in CBT.V508.FILE390.PDS, moved to PDS/Q0
2025-04-04 08:58:54.268051 - Found READSPC.txt (text/plain) in CBT.V508.FILE390.PDS, moved to PDS/READSPC
2025-04-04 08:58:54.268164 - Found REPOS.txt (text/plain) in CBT.V508.FILE390.PDS, moved to PDS/REPOS
2025-04-04 08:58:54.268287 - Found SAVE.txt (text/plain) in CBT.V508.FILE390.PDS, moved to PDS/SAVE
2025-04-04 08:58:54.268400 - Found SAVEO.txt (text/plain) in CBT.V508.FILE390.PDS, moved to PDS/SAVEO
2025-04-04 08:58:54.268537 - Found SEARCH.txt (text/plain) in CBT.V508.FILE390.PDS, moved to PDS/SEARCH
2025-04-04 08:58:54.268651 - Found SEARCHO.txt (text/plain) in CBT.V508.FILE390.PDS, moved to PDS/SEARCHO
2025-04-04 08:58:54.268761 - Found SEARCHP.txt (text/plain) in CBT.V508.FILE390.PDS, moved to PDS/SEARCHP
2025-04-04 08:58:54.268875 - Found SYSLOG.txt (text/plain) in CBT.V508.FILE390.PDS, moved to PDS/SYSLOG
2025-04-04 08:58:54.268985 - Found SYSOUT.txt (text/plain) in CBT.V508.FILE390.PDS, moved to PDS/SYSOUT
2025-04-04 08:58:54.269105 - Found XDS.txt (text/plain) in CBT.V508.FILE390.PDS, moved to PDS/XDS
